loading app ryuCtrl.py
loading app ryu.topology.switches
loading app ryu.controller.ofp_handler
instantiating app ryuCtrl.py of ryuCtrl
instantiating app ryu.topology.switches of Switches
instantiating app ryu.controller.ofp_handler of OFPHandler
PacketIn on s2:3  00:00:00:00:00:01 -> ff:ff:ff:ff:ff:ff: Type = 2054
PacketIn on s2:4  00:00:00:00:00:02 -> 00:00:00:00:00:01: Type = 2054
PacketIn on s3:1  00:00:00:00:00:01 -> ff:ff:ff:ff:ff:ff: Type = 2054
PacketIn on s1:1  00:00:00:00:00:02 -> 00:00:00:00:00:01: Type = 2054
PacketIn on s2:3  00:00:00:00:00:01 -> 00:00:00:00:00:02: Type = 2048
PacketIn on s4:2  00:00:00:00:00:01 -> ff:ff:ff:ff:ff:ff: Type = 2054
PacketIn on s3:1  00:00:00:00:00:01 -> 00:00:00:00:00:02: Type = 2048
PacketIn on s4:1  00:00:00:00:00:02 -> 00:00:00:00:00:01: Type = 2054
PacketIn on s2:4  00:00:00:00:00:02 -> 00:00:00:00:00:01: Type = 2048
PacketIn on s1:1  00:00:00:00:00:02 -> 00:00:00:00:00:01: Type = 2048
PacketIn on s4:2  00:00:00:00:00:01 -> 00:00:00:00:00:02: Type = 2048
PacketIn on s4:1  00:00:00:00:00:02 -> 00:00:00:00:00:01: Type = 2048
PacketIn on s2:3  00:00:00:00:00:01 -> ff:ff:ff:ff:ff:ff: Type = 2054
PacketIn on s3:1  00:00:00:00:00:01 -> ff:ff:ff:ff:ff:ff: Type = 2054
PacketIn on s4:2  00:00:00:00:00:01 -> ff:ff:ff:ff:ff:ff: Type = 2054
PacketIn on s4:3  00:00:00:00:00:03 -> 00:00:00:00:00:01: Type = 2054
PacketIn on s3:2  00:00:00:00:00:03 -> 00:00:00:00:00:01: Type = 2054
PacketIn on s2:2  00:00:00:00:00:03 -> 00:00:00:00:00:01: Type = 2054
PacketIn on s2:3  00:00:00:00:00:01 -> 00:00:00:00:00:03: Type = 2048
PacketIn on s1:1  00:00:00:00:00:01 -> 00:00:00:00:00:03: Type = 2048
PacketIn on s4:1  00:00:00:00:00:01 -> 00:00:00:00:00:03: Type = 2048
PacketIn on s4:3  00:00:00:00:00:03 -> 00:00:00:00:00:01: Type = 2048
PacketIn on s3:2  00:00:00:00:00:03 -> 00:00:00:00:00:01: Type = 2048
PacketIn on s2:2  00:00:00:00:00:03 -> 00:00:00:00:00:01: Type = 2048
PacketIn on s2:3  00:00:00:00:00:01 -> ff:ff:ff:ff:ff:ff: Type = 2054
PacketIn on s3:1  00:00:00:00:00:01 -> ff:ff:ff:ff:ff:ff: Type = 2054
PacketIn on s4:2  00:00:00:00:00:01 -> ff:ff:ff:ff:ff:ff: Type = 2054
PacketIn on s4:4  00:00:00:00:00:04 -> 00:00:00:00:00:01: Type = 2054
PacketIn on s1:2  00:00:00:00:00:04 -> 00:00:00:00:00:01: Type = 2054
PacketIn on s2:1  00:00:00:00:00:04 -> 00:00:00:00:00:01: Type = 2054
PacketIn on s2:3  00:00:00:00:00:01 -> 00:00:00:00:00:04: Type = 2048
PacketIn on s3:1  00:00:00:00:00:01 -> 00:00:00:00:00:04: Type = 2048
PacketIn on s4:2  00:00:00:00:00:01 -> 00:00:00:00:00:04: Type = 2048
PacketIn on s4:4  00:00:00:00:00:04 -> 00:00:00:00:00:01: Type = 2048
PacketIn on s1:2  00:00:00:00:00:04 -> 00:00:00:00:00:01: Type = 2048
PacketIn on s2:1  00:00:00:00:00:04 -> 00:00:00:00:00:01: Type = 2048
PacketIn on s2:4  00:00:00:00:00:02 -> 00:00:00:00:00:01: Type = 2048
PacketIn on s1:1  00:00:00:00:00:02 -> 00:00:00:00:00:01: Type = 2048
PacketIn on s2:3  00:00:00:00:00:01 -> 00:00:00:00:00:02: Type = 2048
PacketIn on s4:1  00:00:00:00:00:02 -> 00:00:00:00:00:01: Type = 2048
PacketIn on s3:1  00:00:00:00:00:01 -> 00:00:00:00:00:02: Type = 2048
PacketIn on s4:2  00:00:00:00:00:01 -> 00:00:00:00:00:02: Type = 2048
PacketIn on s2:4  00:00:00:00:00:02 -> ff:ff:ff:ff:ff:ff: Type = 2054
PacketIn on s1:1  00:00:00:00:00:02 -> ff:ff:ff:ff:ff:ff: Type = 2054
PacketIn on s4:1  00:00:00:00:00:02 -> ff:ff:ff:ff:ff:ff: Type = 2054
PacketIn on s4:3  00:00:00:00:00:03 -> 00:00:00:00:00:02: Type = 2054
PacketIn on s3:2  00:00:00:00:00:03 -> 00:00:00:00:00:02: Type = 2054
PacketIn on s2:2  00:00:00:00:00:03 -> 00:00:00:00:00:02: Type = 2054
PacketIn on s2:4  00:00:00:00:00:02 -> 00:00:00:00:00:03: Type = 2048
PacketIn on s3:1  00:00:00:00:00:02 -> 00:00:00:00:00:03: Type = 2048
PacketIn on s4:2  00:00:00:00:00:02 -> 00:00:00:00:00:03: Type = 2048
PacketIn on s4:3  00:00:00:00:00:03 -> 00:00:00:00:00:02: Type = 2048
PacketIn on s3:2  00:00:00:00:00:03 -> 00:00:00:00:00:02: Type = 2048
PacketIn on s2:2  00:00:00:00:00:03 -> 00:00:00:00:00:02: Type = 2048
PacketIn on s2:4  00:00:00:00:00:02 -> ff:ff:ff:ff:ff:ff: Type = 2054
PacketIn on s1:1  00:00:00:00:00:02 -> ff:ff:ff:ff:ff:ff: Type = 2054
PacketIn on s4:1  00:00:00:00:00:02 -> ff:ff:ff:ff:ff:ff: Type = 2054
PacketIn on s4:4  00:00:00:00:00:04 -> 00:00:00:00:00:02: Type = 2054
PacketIn on s1:2  00:00:00:00:00:04 -> 00:00:00:00:00:02: Type = 2054
PacketIn on s2:1  00:00:00:00:00:04 -> 00:00:00:00:00:02: Type = 2054
PacketIn on s2:4  00:00:00:00:00:02 -> 00:00:00:00:00:04: Type = 2048
PacketIn on s1:1  00:00:00:00:00:02 -> 00:00:00:00:00:04: Type = 2048
PacketIn on s4:1  00:00:00:00:00:02 -> 00:00:00:00:00:04: Type = 2048
PacketIn on s4:4  00:00:00:00:00:04 -> 00:00:00:00:00:02: Type = 2048
PacketIn on s1:2  00:00:00:00:00:04 -> 00:00:00:00:00:02: Type = 2048
PacketIn on s2:1  00:00:00:00:00:04 -> 00:00:00:00:00:02: Type = 2048
PacketIn on s4:3  00:00:00:00:00:03 -> 00:00:00:00:00:01: Type = 2048
PacketIn on s3:2  00:00:00:00:00:03 -> 00:00:00:00:00:01: Type = 2048
PacketIn on s2:2  00:00:00:00:00:03 -> 00:00:00:00:00:01: Type = 2048
PacketIn on s2:3  00:00:00:00:00:01 -> 00:00:00:00:00:03: Type = 2048
PacketIn on s1:1  00:00:00:00:00:01 -> 00:00:00:00:00:03: Type = 2048
PacketIn on s4:1  00:00:00:00:00:01 -> 00:00:00:00:00:03: Type = 2048
PacketIn on s4:3  00:00:00:00:00:03 -> 00:00:00:00:00:02: Type = 2048
PacketIn on s3:2  00:00:00:00:00:03 -> 00:00:00:00:00:02: Type = 2048
PacketIn on s2:2  00:00:00:00:00:03 -> 00:00:00:00:00:02: Type = 2048
PacketIn on s2:4  00:00:00:00:00:02 -> 00:00:00:00:00:03: Type = 2048
PacketIn on s3:1  00:00:00:00:00:02 -> 00:00:00:00:00:03: Type = 2048
PacketIn on s4:2  00:00:00:00:00:02 -> 00:00:00:00:00:03: Type = 2048
PacketIn on s4:3  00:00:00:00:00:03 -> ff:ff:ff:ff:ff:ff: Type = 2054
PacketIn on s3:2  00:00:00:00:00:03 -> ff:ff:ff:ff:ff:ff: Type = 2054
PacketIn on s4:4  00:00:00:00:00:04 -> 00:00:00:00:00:03: Type = 2054
PacketIn on s2:2  00:00:00:00:00:03 -> ff:ff:ff:ff:ff:ff: Type = 2054
PacketIn on s1:2  00:00:00:00:00:04 -> 00:00:00:00:00:03: Type = 2054
PacketIn on s4:3  00:00:00:00:00:03 -> 00:00:00:00:00:04: Type = 2048
PacketIn on s2:1  00:00:00:00:00:04 -> 00:00:00:00:00:03: Type = 2054
PacketIn on s3:2  00:00:00:00:00:03 -> 00:00:00:00:00:04: Type = 2048
PacketIn on s4:4  00:00:00:00:00:04 -> 00:00:00:00:00:03: Type = 2048
PacketIn on s2:2  00:00:00:00:00:03 -> 00:00:00:00:00:04: Type = 2048
PacketIn on s1:2  00:00:00:00:00:04 -> 00:00:00:00:00:03: Type = 2048
PacketIn on s2:1  00:00:00:00:00:04 -> 00:00:00:00:00:03: Type = 2048
PacketIn on s4:4  00:00:00:00:00:04 -> 00:00:00:00:00:01: Type = 2048
PacketIn on s1:2  00:00:00:00:00:04 -> 00:00:00:00:00:01: Type = 2048
PacketIn on s2:1  00:00:00:00:00:04 -> 00:00:00:00:00:01: Type = 2048
PacketIn on s2:3  00:00:00:00:00:01 -> 00:00:00:00:00:04: Type = 2048
PacketIn on s3:1  00:00:00:00:00:01 -> 00:00:00:00:00:04: Type = 2048
PacketIn on s4:2  00:00:00:00:00:01 -> 00:00:00:00:00:04: Type = 2048
PacketIn on s4:4  00:00:00:00:00:04 -> 00:00:00:00:00:02: Type = 2048
PacketIn on s1:2  00:00:00:00:00:04 -> 00:00:00:00:00:02: Type = 2048
PacketIn on s2:1  00:00:00:00:00:04 -> 00:00:00:00:00:02: Type = 2048
PacketIn on s2:4  00:00:00:00:00:02 -> 00:00:00:00:00:04: Type = 2048
PacketIn on s1:1  00:00:00:00:00:02 -> 00:00:00:00:00:04: Type = 2048
PacketIn on s4:1  00:00:00:00:00:02 -> 00:00:00:00:00:04: Type = 2048
PacketIn on s4:4  00:00:00:00:00:04 -> 00:00:00:00:00:03: Type = 2048
PacketIn on s1:2  00:00:00:00:00:04 -> 00:00:00:00:00:03: Type = 2048
PacketIn on s4:3  00:00:00:00:00:03 -> 00:00:00:00:00:04: Type = 2048
PacketIn on s2:1  00:00:00:00:00:04 -> 00:00:00:00:00:03: Type = 2048
PacketIn on s3:2  00:00:00:00:00:03 -> 00:00:00:00:00:04: Type = 2048
PacketIn on s2:2  00:00:00:00:00:03 -> 00:00:00:00:00:04: Type = 2048
